2017-04-17 14:39:35.051800Z Info Setting log_level to Debug
2017-04-17 14:39:35.081817Z Error Upstream socket closed unexpectedly!
2017-04-17 14:39:39.340571Z Debug Switch 0x1 connected
2017-04-17 14:39:39.340621Z Info Writing event response SwitchDown
2017-04-17 14:39:39.431880Z Info Writing event response SwitchDown
2017-04-17 14:39:39.460112Z Info Writing event response PacketIn
2017-04-17 14:39:39.979506Z Info Writing event response PacketIn
2017-04-17 14:39:40.004358Z Info Writing event response SwitchDown
2017-04-17 14:39:40.028505Z Info Writing event response PacketIn
2017-04-17 14:39:40.235468Z Info Writing event response PacketIn
2017-04-17 14:39:40.243701Z Info Writing event response SwitchDown
2017-04-17 14:39:40.431690Z Info Writing event response SwitchDown
2017-04-17 14:39:40.431736Z Info Writing event response SwitchDown
2017-04-17 14:39:40.602602Z Info Writing event response SwitchDown
2017-04-17 14:39:40.979676Z Info Writing event response PacketIn
2017-04-17 14:39:40.979713Z Info Writing event response PacketIn
2017-04-17 14:39:41.189761Z Info Writing event response PacketIn
2017-04-17 14:39:41.236797Z Info Writing event response PacketIn
2017-04-17 14:39:41.237017Z Info Writing event response PacketIn
2017-04-17 14:39:41.238099Z Info Writing event response PacketIn
2017-04-17 14:39:41.268299Z Info Writing event response PacketIn
2017-04-17 14:39:41.317020Z Info Writing event response PacketIn
2017-04-17 14:39:41.364175Z Info Writing event response PacketIn
2017-04-17 14:39:41.409382Z Info Writing event response PacketIn
2017-04-17 14:39:41.736204Z Info Writing event response PacketIn
2017-04-17 14:39:41.896424Z Info Writing event response PacketIn
2017-04-17 14:39:44.440498Z Info Writing event response SwitchDown
2017-04-17 14:39:44.983320Z Info Writing event response PacketIn
2017-04-17 14:39:45.239428Z Info Writing event response PacketIn
2017-04-17 14:39:46.328661Z Info Writing event response PacketIn
2017-04-17 14:39:46.372042Z Info Writing event response PacketIn
2017-04-17 14:39:48.448962Z Info Writing event response SwitchDown
2017-04-17 14:39:48.992622Z Info Writing event response PacketIn
2017-04-17 14:39:49.248023Z Info Writing event response PacketIn
2017-04-17 14:40:03.758509Z Info Writing event response SwitchDown
2017-04-17 14:40:03.758540Z Info Writing event response PortDown
2017-04-17 14:40:04.023075Z Info Writing event response SwitchDown
2017-04-17 14:40:04.023108Z Info Writing event response PortDown
2017-04-17 14:40:04.913623Z Debug Switch 0x1 disconnected
2017-04-17 14:45:22.044239Z Info Setting log_level to Debug
2017-04-17 14:45:22.149302Z Error Upstream socket closed unexpectedly!
2017-04-17 14:45:26.414596Z Debug Switch 0x1 connected
2017-04-17 14:45:26.414640Z Info Writing event response SwitchDown
2017-04-17 14:45:26.793410Z Info Writing event response PacketIn
2017-04-17 14:45:26.820673Z Info Writing event response PacketIn
2017-04-17 14:45:26.903769Z Info Writing event response SwitchDown
2017-04-17 14:45:27.031356Z Info Writing event response PacketIn
2017-04-17 14:45:27.131315Z Info Writing event response SwitchDown
2017-04-17 14:45:27.216494Z Info Writing event response PacketIn
2017-04-17 14:45:27.311372Z Info Writing event response SwitchDown
2017-04-17 14:45:27.819377Z Info Writing event response PacketIn
2017-04-17 14:45:27.819428Z Info Writing event response PacketIn
2017-04-17 14:45:27.903557Z Info Writing event response SwitchDown
2017-04-17 14:45:27.903591Z Info Writing event response SwitchDown
2017-04-17 14:45:28.032159Z Info Writing event response PacketIn
2017-04-17 14:45:28.032196Z Info Writing event response PacketIn
2017-04-17 14:45:28.257694Z Info Writing event response PacketIn
2017-04-17 14:45:28.263143Z Info Writing event response PacketIn
2017-04-17 14:45:28.307847Z Info Writing event response PacketIn
2017-04-17 14:45:28.351660Z Info Writing event response PacketIn
2017-04-17 14:45:28.399876Z Info Writing event response PacketIn
2017-04-17 14:45:28.444029Z Info Writing event response PacketIn
2017-04-17 14:45:28.583385Z Info Writing event response PacketIn
2017-04-17 14:45:28.635869Z Info Writing event response SwitchDown
2017-04-17 14:45:28.679132Z Info Writing event response PacketIn
2017-04-17 14:45:31.832486Z Info Writing event response PacketIn
2017-04-17 14:45:31.911724Z Info Writing event response SwitchDown
2017-04-17 14:45:32.040056Z Info Writing event response PacketIn
2017-04-17 14:45:33.367349Z Info Writing event response PacketIn
2017-04-17 14:45:33.411459Z Info Writing event response PacketIn
2017-04-17 14:45:35.839399Z Info Writing event response PacketIn
2017-04-17 14:45:35.920986Z Info Writing event response SwitchDown
2017-04-17 14:45:36.048837Z Info Writing event response PacketIn
2017-04-17 14:45:50.824552Z Info Writing event response SwitchDown
2017-04-17 14:45:50.824583Z Info Writing event response PortDown
2017-04-17 14:45:51.085547Z Info Writing event response SwitchDown
2017-04-17 14:45:51.085582Z Info Writing event response PortDown
2017-04-17 14:45:51.969711Z Debug Switch 0x1 disconnected
2017-04-17 14:51:27.637478Z Info Setting log_level to Debug
2017-04-17 14:51:27.651002Z Error Upstream socket closed unexpectedly!
2017-04-17 14:51:31.908522Z Debug Switch 0x1 connected
2017-04-17 14:51:31.908566Z Info Writing event response SwitchDown
2017-04-17 14:51:31.952289Z Info Writing event response SwitchDown
2017-04-17 14:51:32.024187Z Info Writing event response PacketIn
2017-04-17 14:51:32.287604Z Info Writing event response SwitchDown
2017-04-17 14:51:32.500629Z Info Writing event response PacketIn
2017-04-17 14:51:32.556091Z Info Writing event response PacketIn
2017-04-17 14:51:32.777237Z Info Writing event response PacketIn
2017-04-17 14:51:32.815549Z Info Writing event response SwitchDown
2017-04-17 14:51:32.953031Z Info Writing event response SwitchDown
2017-04-17 14:51:32.953070Z Info Writing event response SwitchDown
2017-04-17 14:51:32.984233Z Info Writing event response SwitchDown
2017-04-17 14:51:33.024542Z Info Writing event response PacketIn
2017-04-17 14:51:33.024579Z Info Writing event response PacketIn
2017-04-17 14:51:33.555456Z Info Writing event response PacketIn
2017-04-17 14:51:33.555514Z Info Writing event response PacketIn
2017-04-17 14:51:33.648621Z Info Writing event response PacketIn
2017-04-17 14:51:33.757701Z Info Writing event response PacketIn
2017-04-17 14:51:33.800422Z Info Writing event response PacketIn
2017-04-17 14:51:33.844334Z Info Writing event response PacketIn
2017-04-17 14:51:33.887971Z Info Writing event response PacketIn
2017-04-17 14:51:33.897156Z Info Writing event response PacketIn
2017-04-17 14:51:33.941663Z Info Writing event response PacketIn
2017-04-17 14:51:34.224626Z Info Writing event response PacketIn
2017-04-17 14:51:36.959421Z Info Writing event response SwitchDown
2017-04-17 14:51:37.031054Z Info Writing event response PacketIn
2017-04-17 14:51:37.559484Z Info Writing event response PacketIn
2017-04-17 14:51:38.904730Z Info Writing event response PacketIn
2017-04-17 14:51:38.910181Z Info Writing event response PacketIn
2017-04-17 14:51:40.968744Z Info Writing event response SwitchDown
2017-04-17 14:51:41.039332Z Info Writing event response PacketIn
2017-04-17 14:51:41.569664Z Info Writing event response PacketIn
2017-04-17 14:51:56.339900Z Info Writing event response SwitchDown
2017-04-17 14:51:56.339939Z Info Writing event response PortDown
2017-04-17 14:51:56.593685Z Info Writing event response SwitchDown
2017-04-17 14:51:56.593717Z Info Writing event response PortDown
2017-04-17 14:51:57.483498Z Debug Switch 0x1 disconnected
2017-04-17 14:56:28.530715Z Info Setting log_level to Debug
2017-04-17 14:56:28.572840Z Error Upstream socket closed unexpectedly!
2017-04-17 14:56:32.886134Z Debug Switch 0x1 connected
2017-04-17 14:56:32.891213Z Info Writing event response SwitchDown
2017-04-17 14:56:32.936189Z Info Writing event response SwitchDown
2017-04-17 14:56:32.999323Z Info Writing event response PacketIn
2017-04-17 14:56:33.196058Z Info Writing event response PacketIn
2017-04-17 14:56:33.439447Z Info Writing event response SwitchDown
2017-04-17 14:56:33.495349Z Info Writing event response PacketIn
2017-04-17 14:56:33.536244Z Info Writing event response PacketIn
2017-04-17 14:56:33.767270Z Info Writing event response SwitchDown
2017-04-17 14:56:33.999287Z Info Writing event response PacketIn
2017-04-17 14:56:33.999325Z Info Writing event response PacketIn
2017-04-17 14:56:34.020400Z Info Writing event response PacketIn
2017-04-17 14:56:34.441079Z Info Writing event response SwitchDown
2017-04-17 14:56:34.441113Z Info Writing event response SwitchDown
2017-04-17 14:56:34.535408Z Info Writing event response PacketIn
2017-04-17 14:56:34.535454Z Info Writing event response PacketIn
2017-04-17 14:56:34.699428Z Info Writing event response PacketIn
2017-04-17 14:56:34.704832Z Info Writing event response PacketIn
2017-04-17 14:56:34.749411Z Info Writing event response PacketIn
2017-04-17 14:56:34.792554Z Info Writing event response PacketIn
2017-04-17 14:56:34.840959Z Info Writing event response PacketIn
2017-04-17 14:56:34.885699Z Info Writing event response PacketIn
2017-04-17 14:56:34.971457Z Info Writing event response PacketIn
2017-04-17 14:56:35.215199Z Info Writing event response SwitchDown
2017-04-17 14:56:38.007180Z Info Writing event response PacketIn
2017-04-17 14:56:38.447838Z Info Writing event response SwitchDown
2017-04-17 14:56:38.543422Z Info Writing event response PacketIn
2017-04-17 14:56:39.800106Z Info Writing event response PacketIn
2017-04-17 14:56:39.845352Z Info Writing event response PacketIn
2017-04-17 14:56:42.016779Z Info Writing event response PacketIn
2017-04-17 14:56:42.455336Z Info Writing event response SwitchDown
2017-04-17 14:56:42.552321Z Info Writing event response PacketIn
2017-04-17 14:56:57.274924Z Info Writing event response SwitchDown
2017-04-17 14:56:57.274959Z Info Writing event response PortDown
2017-04-17 14:56:57.538282Z Info Writing event response SwitchDown
2017-04-17 14:56:57.538316Z Info Writing event response PortDown
2017-04-17 14:56:58.433554Z Debug Switch 0x1 disconnected
2017-04-18 16:43:44.414927Z Info Setting log_level to Debug
2017-04-18 16:43:44.462427Z Error Upstream socket closed unexpectedly!
2017-04-18 16:43:46.132096Z Debug Switch 0x1 connected
2017-04-18 16:43:46.132141Z Info Writing event response SwitchDown
2017-04-18 16:43:46.277104Z Info Writing event response PacketIn
2017-04-18 16:43:46.381055Z Info Writing event response PacketIn
2017-04-18 16:43:46.421383Z Info Writing event response SwitchDown
2017-04-18 16:43:46.614224Z Info Writing event response PacketIn
2017-04-18 16:43:46.734865Z Info Writing event response PacketIn
2017-04-18 16:43:46.736940Z Info Writing event response SwitchDown
2017-04-18 16:43:46.881855Z Info Writing event response SwitchDown
2017-04-18 16:43:46.949656Z Info Writing event response PacketIn
2017-04-18 16:43:47.029128Z Info Writing event response PacketIn
2017-04-18 16:43:47.081219Z Info Writing event response PacketIn
2017-04-18 16:43:47.081255Z Info Writing event response PacketIn
2017-04-18 16:43:47.114695Z Info Writing event response PacketIn
2017-04-18 16:43:47.114755Z Info Writing event response PacketIn
2017-04-18 16:43:47.121950Z Info Writing event response PacketIn
2017-04-18 16:43:47.122004Z Info Writing event response PacketIn
2017-04-18 16:43:47.249771Z Info Writing event response PacketIn
2017-04-18 16:43:47.277083Z Info Writing event response PacketIn
2017-04-18 16:43:47.277121Z Info Writing event response PacketIn
2017-04-18 16:43:47.421143Z Info Writing event response SwitchDown
2017-04-18 16:43:47.421185Z Info Writing event response SwitchDown
2017-04-18 16:43:47.446499Z Info Writing event response SwitchDown
2017-04-18 16:43:47.481770Z Info Writing event response PacketIn
2017-04-18 16:43:47.589827Z Info Writing event response PacketIn
2017-04-18 16:43:47.703180Z Info Writing event response PacketIn
2017-04-18 16:43:47.745740Z Info Writing event response PacketIn
2017-04-18 16:43:47.794050Z Info Writing event response PacketIn
2017-04-18 16:43:47.837388Z Info Writing event response PacketIn
2017-04-18 16:43:47.883477Z Info Writing event response PacketIn
2017-04-18 16:43:47.925550Z Info Writing event response PacketIn
2017-04-18 16:43:47.949928Z Info Writing event response PacketIn
2017-04-18 16:43:47.969827Z Info Writing event response PacketIn
2017-04-18 16:43:48.014303Z Info Writing event response PacketIn
2017-04-18 16:43:48.029060Z Info Writing event response PacketIn
2017-04-18 16:43:48.029098Z Info Writing event response PacketIn
2017-04-18 16:43:48.061152Z Info Writing event response PacketIn
2017-04-18 16:43:48.106771Z Info Writing event response PacketIn
2017-04-18 16:43:48.112796Z Info Writing event response PacketIn
2017-04-18 16:43:48.157997Z Info Writing event response PacketIn
2017-04-18 16:43:48.209295Z Info Writing event response PacketIn
2017-04-18 16:43:48.258956Z Info Writing event response PacketIn
2017-04-18 16:43:48.301978Z Info Writing event response PacketIn
2017-04-18 16:43:48.345299Z Info Writing event response PacketIn
2017-04-18 16:43:48.392139Z Info Writing event response PacketIn
2017-04-18 16:43:48.433299Z Info Writing event response PacketIn
2017-04-18 16:43:48.477778Z Info Writing event response PacketIn
2017-04-18 16:43:48.521835Z Info Writing event response PacketIn
2017-04-18 16:43:48.569402Z Info Writing event response PacketIn
2017-04-18 16:43:48.576924Z Info Writing event response PacketIn
2017-04-18 16:43:48.613506Z Info Writing event response PacketIn
2017-04-18 16:43:48.660871Z Info Writing event response PacketIn
2017-04-18 16:43:48.706384Z Info Writing event response PacketIn
2017-04-18 16:43:48.750436Z Info Writing event response PacketIn
2017-04-18 16:43:48.794528Z Info Writing event response PacketIn
2017-04-18 16:43:48.840976Z Info Writing event response PacketIn
2017-04-18 16:43:48.885513Z Info Writing event response PacketIn
2017-04-18 16:43:48.930880Z Info Writing event response PacketIn
2017-04-18 16:43:48.977386Z Info Writing event response PacketIn
2017-04-18 16:43:49.025148Z Info Writing event response PacketIn
2017-04-18 16:43:49.070053Z Info Writing event response PacketIn
2017-04-18 16:43:49.120658Z Info Writing event response PacketIn
2017-04-18 16:43:49.164629Z Info Writing event response PacketIn
2017-04-18 16:43:49.216262Z Info Writing event response PacketIn
2017-04-18 16:43:49.261498Z Info Writing event response PacketIn
2017-04-18 16:43:49.305443Z Info Writing event response PacketIn
2017-04-18 16:43:49.354146Z Info Writing event response PacketIn
2017-04-18 16:43:49.402146Z Info Writing event response PacketIn
2017-04-18 16:43:49.446358Z Info Writing event response PacketIn
2017-04-18 16:43:49.491007Z Info Writing event response PacketIn
2017-04-18 16:43:49.534478Z Info Writing event response PacketIn
2017-04-18 16:43:49.580243Z Info Writing event response PacketIn
2017-04-18 16:43:49.622518Z Info Writing event response PacketIn
2017-04-18 16:43:49.669178Z Info Writing event response PacketIn
2017-04-18 16:43:49.713583Z Info Writing event response PacketIn
2017-04-18 16:43:49.761694Z Info Writing event response PacketIn
2017-04-18 16:43:49.806372Z Info Writing event response PacketIn
2017-04-18 16:43:49.853831Z Info Writing event response PacketIn
2017-04-18 16:43:49.859841Z Info Writing event response PacketIn
2017-04-18 16:43:49.905814Z Info Writing event response PacketIn
2017-04-18 16:43:49.949403Z Info Writing event response PacketIn
2017-04-18 16:43:49.996040Z Info Writing event response PacketIn
2017-04-18 16:43:50.041220Z Info Writing event response PacketIn
2017-04-18 16:43:50.088092Z Info Writing event response PacketIn
2017-04-18 16:43:50.133296Z Info Writing event response PacketIn
2017-04-18 16:43:50.180076Z Info Writing event response PacketIn
2017-04-18 16:43:50.221364Z Info Writing event response PacketIn
2017-04-18 16:43:50.267950Z Info Writing event response PacketIn
2017-04-18 16:43:50.310108Z Info Writing event response PacketIn
2017-04-18 16:43:51.093233Z Info Writing event response PacketIn
2017-04-18 16:43:51.126408Z Info Writing event response PacketIn
2017-04-18 16:43:51.126514Z Info Writing event response PacketIn
2017-04-18 16:43:51.285102Z Info Writing event response PacketIn
2017-04-18 16:43:51.429105Z Info Writing event response SwitchDown
2017-04-18 16:43:52.038237Z Info Writing event response PacketIn
2017-04-18 16:43:53.349175Z Info Writing event response PacketIn
2017-04-18 16:43:53.394637Z Info Writing event response PacketIn
2017-04-18 16:43:53.396802Z Info Writing event response PacketIn
2017-04-18 16:43:53.407290Z Info Writing event response PacketIn
2017-04-18 16:43:53.989209Z Info Writing event response PacketIn
2017-04-18 16:43:53.995636Z Info Writing event response PacketIn
2017-04-18 16:43:54.037189Z Info Writing event response PacketIn
2017-04-18 16:43:54.082574Z Info Writing event response PacketIn
2017-04-18 16:43:54.133913Z Info Writing event response PacketIn
2017-04-18 16:43:54.138761Z Info Writing event response PacketIn
2017-04-18 16:43:54.550695Z Info Writing event response PacketIn
2017-04-18 16:43:54.581190Z Info Writing event response PacketIn
2017-04-18 16:43:54.593316Z Info Writing event response PacketIn
2017-04-18 16:43:54.626364Z Info Writing event response PacketIn
2017-04-18 16:43:54.676830Z Info Writing event response PacketIn
2017-04-18 16:43:54.721195Z Info Writing event response PacketIn
2017-04-18 16:43:54.774071Z Info Writing event response PacketIn
2017-04-18 16:43:54.778764Z Info Writing event response PacketIn
2017-04-18 16:43:54.965908Z Info Writing event response PacketIn
2017-04-18 16:43:55.009637Z Info Writing event response PacketIn
2017-04-18 16:43:55.101504Z Info Writing event response PacketIn
2017-04-18 16:43:55.134512Z Info Writing event response PacketIn
2017-04-18 16:43:55.134559Z Info Writing event response PacketIn
2017-04-18 16:43:55.292861Z Info Writing event response PacketIn
2017-04-18 16:43:55.437021Z Info Writing event response SwitchDown
2017-04-18 16:43:56.046095Z Info Writing event response PacketIn
2017-04-18 16:44:12.449712Z Info Writing event response SwitchDown
2017-04-18 16:44:12.449998Z Info Writing event response PortDown
2017-04-18 16:44:12.720984Z Info Writing event response SwitchDown
2017-04-18 16:44:12.721023Z Info Writing event response PortDown
2017-04-18 16:44:12.721029Z Info Writing event response PortDown
2017-04-18 16:44:12.721037Z Info Writing event response PortDown
2017-04-18 16:44:12.721042Z Info Writing event response PortDown
2017-04-18 16:44:13.620029Z Debug Switch 0x1 disconnected
2017-04-18 16:52:41.648121Z Info Setting log_level to Debug
2017-04-18 16:52:41.660618Z Error Upstream socket closed unexpectedly!
2017-04-18 16:52:43.269872Z Debug Switch 0x1 connected
2017-04-18 16:52:43.358784Z Info Writing event response PacketIn
2017-04-18 16:52:43.445173Z Info Writing event response PacketIn
2017-04-18 16:52:43.521682Z Info Writing event response PacketIn
2017-04-18 16:52:43.542382Z Info Writing event response PacketIn
2017-04-18 16:52:43.828929Z Info Writing event response PacketIn
2017-04-18 16:52:43.837116Z Info Writing event response PacketIn
2017-04-18 16:52:43.977142Z Info Writing event response PacketIn
2017-04-18 16:52:44.031173Z Info Writing event response SwitchDown
2017-04-18 16:52:44.052889Z Info Writing event response PacketIn
2017-04-18 16:52:44.089617Z Info Writing event response SwitchDown
2017-04-18 16:52:44.159918Z Info Writing event response PacketIn
2017-04-18 16:52:44.169525Z Info Writing event response SwitchDown
2017-04-18 16:52:44.357180Z Info Writing event response PacketIn
2017-04-18 16:52:44.357218Z Info Writing event response PacketIn
2017-04-18 16:52:44.445221Z Info Writing event response PacketIn
2017-04-18 16:52:44.445276Z Info Writing event response PacketIn
2017-04-18 16:52:44.522557Z Info Writing event response PacketIn
2017-04-18 16:52:44.522602Z Info Writing event response PacketIn
2017-04-18 16:52:44.542259Z Info Writing event response PacketIn
2017-04-18 16:52:44.542304Z Info Writing event response PacketIn
2017-04-18 16:52:44.613151Z Info Writing event response PacketIn
2017-04-18 16:52:44.837342Z Info Writing event response PacketIn
2017-04-18 16:52:44.837383Z Info Writing event response PacketIn
2017-04-18 16:52:44.878648Z Info Writing event response PacketIn
2017-04-18 16:52:44.923132Z Info Writing event response PacketIn
2017-04-18 16:52:44.966473Z Info Writing event response PacketIn
2017-04-18 16:52:45.010301Z Info Writing event response PacketIn
2017-04-18 16:52:45.056074Z Info Writing event response PacketIn
2017-04-18 16:52:45.069408Z Info Writing event response PacketIn
2017-04-18 16:52:45.102725Z Info Writing event response PacketIn
2017-04-18 16:52:45.150864Z Info Writing event response PacketIn
2017-04-18 16:52:45.169103Z Info Writing event response SwitchDown
2017-04-18 16:52:45.169138Z Info Writing event response SwitchDown
2017-04-18 16:52:45.194718Z Info Writing event response PacketIn
2017-04-18 16:52:45.200915Z Info Writing event response PacketIn
2017-04-18 16:52:45.241257Z Info Writing event response PacketIn
2017-04-18 16:52:45.281165Z Info Writing event response PacketIn
2017-04-18 16:52:45.285559Z Info Writing event response PacketIn
2017-04-18 16:52:45.334749Z Info Writing event response PacketIn
2017-04-18 16:52:45.340440Z Info Writing event response PacketIn
2017-04-18 16:52:45.389658Z Info Writing event response PacketIn
2017-04-18 16:52:45.433519Z Info Writing event response PacketIn
2017-04-18 16:52:45.477679Z Info Writing event response PacketIn
2017-04-18 16:52:45.493109Z Info Writing event response PacketIn
2017-04-18 16:52:45.521553Z Info Writing event response PacketIn
2017-04-18 16:52:45.568157Z Info Writing event response PacketIn
2017-04-18 16:52:45.613406Z Info Writing event response PacketIn
2017-04-18 16:52:45.660313Z Info Writing event response PacketIn
2017-04-18 16:52:45.705269Z Info Writing event response PacketIn
2017-04-18 16:52:45.750693Z Info Writing event response PacketIn
2017-04-18 16:52:45.794291Z Info Writing event response PacketIn
2017-04-18 16:52:45.843491Z Info Writing event response PacketIn
2017-04-18 16:52:45.886307Z Info Writing event response PacketIn
2017-04-18 16:52:45.930731Z Info Writing event response PacketIn
2017-04-18 16:52:45.973771Z Info Writing event response PacketIn
2017-04-18 16:52:46.020881Z Info Writing event response PacketIn
2017-04-18 16:52:46.069574Z Info Writing event response PacketIn
2017-04-18 16:52:46.113480Z Info Writing event response PacketIn
2017-04-18 16:52:46.121094Z Info Writing event response SwitchDown
2017-04-18 16:52:46.157759Z Info Writing event response PacketIn
2017-04-18 16:52:46.204577Z Info Writing event response PacketIn
2017-04-18 16:52:46.249494Z Info Writing event response PacketIn
2017-04-18 16:52:46.300351Z Info Writing event response PacketIn
2017-04-18 16:52:46.345351Z Info Writing event response PacketIn
2017-04-18 16:52:46.391382Z Info Writing event response PacketIn
2017-04-18 16:52:46.434542Z Info Writing event response PacketIn
2017-04-18 16:52:46.478245Z Info Writing event response PacketIn
2017-04-18 16:52:46.521566Z Info Writing event response PacketIn
2017-04-18 16:52:46.568574Z Info Writing event response PacketIn
2017-04-18 16:52:46.615204Z Info Writing event response PacketIn
2017-04-18 16:52:46.657970Z Info Writing event response PacketIn
2017-04-18 16:52:46.701820Z Info Writing event response PacketIn
2017-04-18 16:52:46.748415Z Info Writing event response PacketIn
2017-04-18 16:52:46.790504Z Info Writing event response PacketIn
2017-04-18 16:52:46.835752Z Info Writing event response PacketIn
2017-04-18 16:52:46.889482Z Info Writing event response PacketIn
2017-04-18 16:52:46.938157Z Info Writing event response PacketIn
2017-04-18 16:52:46.981458Z Info Writing event response PacketIn
2017-04-18 16:52:47.028899Z Info Writing event response PacketIn
2017-04-18 16:52:47.074356Z Info Writing event response PacketIn
2017-04-18 16:52:47.117502Z Info Writing event response PacketIn
2017-04-18 16:52:47.162564Z Info Writing event response PacketIn
2017-04-18 16:52:47.209484Z Info Writing event response PacketIn
2017-04-18 16:52:47.253326Z Info Writing event response PacketIn
2017-04-18 16:52:47.301796Z Info Writing event response PacketIn
2017-04-18 16:52:47.350571Z Info Writing event response PacketIn
2017-04-18 16:52:47.396795Z Info Writing event response PacketIn
2017-04-18 16:52:47.442682Z Info Writing event response PacketIn
2017-04-18 16:52:47.488970Z Info Writing event response PacketIn
2017-04-18 16:52:47.534022Z Info Writing event response PacketIn
2017-04-18 16:52:48.365961Z Info Writing event response PacketIn
2017-04-18 16:52:48.452925Z Info Writing event response PacketIn
2017-04-18 16:52:48.534534Z Info Writing event response PacketIn
2017-04-18 16:52:48.549919Z Info Writing event response PacketIn
2017-04-18 16:52:48.845029Z Info Writing event response PacketIn
2017-04-18 16:52:49.174468Z Info Writing event response SwitchDown
2017-04-18 16:52:50.533586Z Info Writing event response PacketIn
2017-04-18 16:52:50.573436Z Info Writing event response PacketIn
2017-04-18 16:52:50.581272Z Info Writing event response PacketIn
2017-04-18 16:52:50.625284Z Info Writing event response PacketIn
2017-04-18 16:52:51.173010Z Info Writing event response PacketIn
2017-04-18 16:52:51.205270Z Info Writing event response PacketIn
2017-04-18 16:52:51.218223Z Info Writing event response PacketIn
2017-04-18 16:52:51.251210Z Info Writing event response PacketIn
2017-04-18 16:52:51.301217Z Info Writing event response PacketIn
2017-04-18 16:52:51.346494Z Info Writing event response PacketIn
2017-04-18 16:52:51.717356Z Info Writing event response PacketIn
2017-04-18 16:52:51.750348Z Info Writing event response PacketIn
2017-04-18 16:52:51.761383Z Info Writing event response PacketIn
2017-04-18 16:52:51.793575Z Info Writing event response PacketIn
2017-04-18 16:52:51.845061Z Info Writing event response PacketIn
2017-04-18 16:52:51.890638Z Info Writing event response PacketIn
2017-04-18 16:52:51.940998Z Info Writing event response PacketIn
2017-04-18 16:52:51.985412Z Info Writing event response PacketIn
2017-04-18 16:52:52.167227Z Info Writing event response PacketIn
2017-04-18 16:52:52.211121Z Info Writing event response PacketIn
2017-04-18 16:52:52.374212Z Info Writing event response PacketIn
2017-04-18 16:52:52.462218Z Info Writing event response PacketIn
2017-04-18 16:52:52.544218Z Info Writing event response PacketIn
2017-04-18 16:52:52.557122Z Info Writing event response PacketIn
2017-04-18 16:52:52.853153Z Info Writing event response PacketIn
2017-04-18 16:52:53.182205Z Info Writing event response SwitchDown
2017-04-18 16:53:09.655554Z Info Writing event response SwitchDown
2017-04-18 16:53:09.655587Z Info Writing event response PortDown
2017-04-18 16:53:09.933936Z Info Writing event response SwitchDown
2017-04-18 16:53:09.933968Z Info Writing event response PortDown
2017-04-18 16:53:09.933974Z Info Writing event response PortDown
2017-04-18 16:53:09.933980Z Info Writing event response PortDown
2017-04-18 16:53:09.933985Z Info Writing event response PortDown
2017-04-18 16:53:10.807451Z Debug Switch 0x1 disconnected
