2017-04-17 15:43:24.867430Z Info Setting log_level to Debug
2017-04-17 15:43:24.888478Z Error Upstream socket closed unexpectedly!
2017-04-17 15:43:29.143196Z Debug Switch 0x1 connected
2017-04-17 15:43:29.143239Z Info Writing event response SwitchDown
2017-04-17 15:43:29.216847Z Info Writing event response SwitchDown
2017-04-17 15:43:29.388131Z Info Writing event response PacketIn
2017-04-17 15:43:29.883461Z Info Writing event response PacketIn
2017-04-17 15:43:29.935404Z Info Writing event response PacketIn
2017-04-17 15:43:29.971420Z Info Writing event response PacketIn
2017-04-17 15:43:30.048330Z Info Writing event response SwitchDown
2017-04-17 15:43:30.216877Z Info Writing event response SwitchDown
2017-04-17 15:43:30.216922Z Info Writing event response SwitchDown
2017-04-17 15:43:30.883357Z Info Writing event response PacketIn
2017-04-17 15:43:30.883393Z Info Writing event response PacketIn
2017-04-17 15:43:30.935176Z Info Writing event response PacketIn
2017-04-17 15:43:30.935212Z Info Writing event response PacketIn
2017-04-17 15:43:30.997061Z Info Writing event response PacketIn
2017-04-17 15:43:31.088748Z Info Writing event response SwitchDown
2017-04-17 15:43:31.255373Z Info Writing event response PacketIn
2017-04-17 15:43:31.364709Z Info Writing event response PacketIn
2017-04-17 15:43:34.224233Z Info Writing event response SwitchDown
2017-04-17 15:43:34.887411Z Info Writing event response PacketIn
2017-04-17 15:43:34.944203Z Info Writing event response PacketIn
2017-04-17 15:43:38.231201Z Info Writing event response SwitchDown
2017-04-17 15:43:38.895427Z Info Writing event response PacketIn
2017-04-17 15:43:38.952878Z Info Writing event response PacketIn
2017-04-17 15:43:53.579184Z Info Writing event response SwitchDown
2017-04-17 15:43:53.579215Z Info Writing event response PortDown
2017-04-17 15:43:53.837624Z Info Writing event response SwitchDown
2017-04-17 15:43:53.837684Z Info Writing event response PortDown
2017-04-17 15:43:54.740395Z Debug Switch 0x1 disconnected
2017-04-17 15:49:52.248629Z Info Setting log_level to Debug
2017-04-17 15:49:52.269191Z Error Upstream socket closed unexpectedly!
2017-04-17 15:49:56.519871Z Debug Switch 0x1 connected
2017-04-17 15:49:56.519910Z Info Writing event response SwitchDown
2017-04-17 15:49:56.519920Z Info Writing event response SwitchDown
2017-04-17 15:49:56.864078Z Info Writing event response SwitchDown
2017-04-17 15:49:57.007330Z Info Writing event response PacketIn
2017-04-17 15:49:57.215541Z Info Writing event response PacketIn
2017-04-17 15:49:57.308279Z Info Writing event response PacketIn
2017-04-17 15:49:57.428665Z Info Writing event response SwitchDown
2017-04-17 15:49:57.483427Z Info Writing event response PacketIn
2017-04-17 15:49:57.483467Z Info Writing event response PacketIn
2017-04-17 15:49:57.519286Z Info Writing event response SwitchDown
2017-04-17 15:49:57.519325Z Info Writing event response SwitchDown
2017-04-17 15:49:58.043432Z Info Writing event response PacketIn
2017-04-17 15:49:58.307373Z Info Writing event response PacketIn
2017-04-17 15:49:58.307412Z Info Writing event response PacketIn
2017-04-17 15:49:58.380159Z Info Writing event response PacketIn
2017-04-17 15:49:58.455400Z Info Writing event response SwitchDown
2017-04-17 15:49:59.207460Z Info Writing event response PacketIn
2017-04-17 15:50:01.495264Z Info Writing event response PacketIn
2017-04-17 15:50:01.527196Z Info Writing event response SwitchDown
2017-04-17 15:50:02.312467Z Info Writing event response PacketIn
2017-04-17 15:50:05.503390Z Info Writing event response PacketIn
2017-04-17 15:50:05.536538Z Info Writing event response SwitchDown
2017-04-17 15:50:06.319417Z Info Writing event response PacketIn
2017-04-17 15:50:21.021341Z Info Writing event response SwitchDown
2017-04-17 15:50:21.021407Z Info Writing event response PortDown
2017-04-17 15:50:21.272608Z Info Writing event response SwitchDown
2017-04-17 15:50:21.272644Z Info Writing event response PortDown
2017-04-17 15:50:22.323963Z Debug Switch 0x1 disconnected
2017-04-17 15:55:37.864198Z Info Setting log_level to Debug
2017-04-17 15:55:37.957704Z Error Upstream socket closed unexpectedly!
2017-04-17 15:55:42.218995Z Debug Dropping unexpected msg received before SwitchFeatures response: PACKET_IN { in_port = 65534; payload = #256[dlSrc=7e:b5:1b:d9:6e:42,dlDst=33:33:00:00:00:16,frameType=0x86DD] }
2017-04-17 15:55:42.219807Z Debug Switch 0x1 connected
2017-04-17 15:55:42.583503Z Info Writing event response PacketIn
2017-04-17 15:55:42.756398Z Info Writing event response SwitchDown
2017-04-17 15:55:42.836399Z Info Writing event response PacketIn
2017-04-17 15:55:42.939786Z Info Writing event response PacketIn
2017-04-17 15:55:43.120969Z Info Writing event response SwitchDown
2017-04-17 15:55:43.152531Z Info Writing event response PacketIn
2017-04-17 15:55:43.176578Z Info Writing event response SwitchDown
2017-04-17 15:55:43.755405Z Info Writing event response SwitchDown
2017-04-17 15:55:43.755441Z Info Writing event response SwitchDown
2017-04-17 15:55:43.939594Z Info Writing event response PacketIn
2017-04-17 15:55:43.939660Z Info Writing event response PacketIn
2017-04-17 15:55:44.068974Z Info Writing event response PacketIn
2017-04-17 15:55:44.151640Z Info Writing event response PacketIn
2017-04-17 15:55:44.151674Z Info Writing event response PacketIn
2017-04-17 15:55:44.431483Z Info Writing event response PacketIn
2017-04-17 15:55:44.660447Z Info Writing event response SwitchDown
2017-04-17 15:55:44.668025Z Info Writing event response PacketIn
2017-04-17 15:55:47.768703Z Info Writing event response SwitchDown
2017-04-17 15:55:47.944074Z Info Writing event response PacketIn
2017-04-17 15:55:48.159193Z Info Writing event response PacketIn
2017-04-17 15:55:51.776975Z Info Writing event response SwitchDown
2017-04-17 15:55:51.952805Z Info Writing event response PacketIn
2017-04-17 15:55:52.167348Z Info Writing event response PacketIn
2017-04-17 15:56:06.649948Z Info Writing event response SwitchDown
2017-04-17 15:56:06.649981Z Info Writing event response PortDown
2017-04-17 15:56:06.911972Z Info Writing event response SwitchDown
2017-04-17 15:56:06.912019Z Info Writing event response PortDown
2017-04-17 15:56:07.809834Z Debug Switch 0x1 disconnected
2017-04-17 16:00:43.263788Z Info Setting log_level to Debug
2017-04-17 16:00:43.304280Z Error Upstream socket closed unexpectedly!
2017-04-17 16:00:47.600446Z Debug Switch 0x1 connected
2017-04-17 16:00:47.600492Z Info Writing event response SwitchDown
2017-04-17 16:00:47.655278Z Info Writing event response PacketIn
2017-04-17 16:00:47.731283Z Info Writing event response SwitchDown
2017-04-17 16:00:47.755410Z Info Writing event response PacketIn
2017-04-17 16:00:47.868364Z Info Writing event response PacketIn
2017-04-17 16:00:47.899397Z Info Writing event response SwitchDown
2017-04-17 16:00:48.348308Z Info Writing event response PacketIn
2017-04-17 16:00:48.491215Z Info Writing event response SwitchDown
2017-04-17 16:00:48.732378Z Info Writing event response SwitchDown
2017-04-17 16:00:48.732412Z Info Writing event response SwitchDown
2017-04-17 16:00:48.755340Z Info Writing event response PacketIn
2017-04-17 16:00:48.755388Z Info Writing event response PacketIn
2017-04-17 16:00:48.869063Z Info Writing event response PacketIn
2017-04-17 16:00:48.869111Z Info Writing event response PacketIn
2017-04-17 16:00:49.044397Z Info Writing event response PacketIn
2017-04-17 16:00:49.079244Z Info Writing event response SwitchDown
2017-04-17 16:00:49.423883Z Info Writing event response PacketIn
2017-04-17 16:00:49.591420Z Info Writing event response PacketIn
2017-04-17 16:00:52.744627Z Info Writing event response SwitchDown
2017-04-17 16:00:52.760341Z Info Writing event response PacketIn
2017-04-17 16:00:52.871969Z Info Writing event response PacketIn
2017-04-17 16:00:56.763726Z Info Writing event response SwitchDown
2017-04-17 16:00:56.767347Z Info Writing event response PacketIn
2017-04-17 16:00:56.879331Z Info Writing event response PacketIn
2017-04-17 16:01:12.017742Z Info Writing event response SwitchDown
2017-04-17 16:01:12.017779Z Info Writing event response PortDown
2017-04-17 16:01:12.356625Z Info Writing event response SwitchDown
2017-04-17 16:01:12.356692Z Info Writing event response PortDown
2017-04-17 16:01:13.451680Z Debug Switch 0x1 disconnected
2017-04-18 17:01:31.922369Z Info Setting log_level to Debug
2017-04-18 17:01:31.932312Z Error Upstream socket closed unexpectedly!
2017-04-18 17:01:33.543742Z Debug Switch 0x1 connected
2017-04-18 17:01:33.543783Z Info Writing event response PacketIn
2017-04-18 17:01:33.543794Z Info Writing event response SwitchDown
2017-04-18 17:01:33.613573Z Info Writing event response PacketIn
2017-04-18 17:01:33.794901Z Info Writing event response SwitchDown
2017-04-18 17:01:33.889380Z Info Writing event response PacketIn
2017-04-18 17:01:33.922172Z Info Writing event response PacketIn
2017-04-18 17:01:33.974060Z Info Writing event response PacketIn
2017-04-18 17:01:34.081812Z Info Writing event response PacketIn
2017-04-18 17:01:34.242710Z Info Writing event response PacketIn
2017-04-18 17:01:34.250269Z Info Writing event response PacketIn
2017-04-18 17:01:34.269999Z Info Writing event response PacketIn
2017-04-18 17:01:34.298028Z Info Writing event response SwitchDown
2017-04-18 17:01:34.322798Z Info Writing event response SwitchDown
2017-04-18 17:01:34.550381Z Info Writing event response PacketIn
2017-04-18 17:01:34.550419Z Info Writing event response PacketIn
2017-04-18 17:01:34.613546Z Info Writing event response PacketIn
2017-04-18 17:01:34.613686Z Info Writing event response PacketIn
2017-04-18 17:01:34.674848Z Info Writing event response PacketIn
2017-04-18 17:01:34.889377Z Info Writing event response PacketIn
2017-04-18 17:01:34.889433Z Info Writing event response PacketIn
2017-04-18 17:01:35.141107Z Info Writing event response PacketIn
2017-04-18 17:01:35.150467Z Info Writing event response PacketIn
2017-04-18 17:01:35.198274Z Info Writing event response PacketIn
2017-04-18 17:01:35.243298Z Info Writing event response PacketIn
2017-04-18 17:01:35.243374Z Info Writing event response PacketIn
2017-04-18 17:01:35.253078Z Info Writing event response PacketIn
2017-04-18 17:01:35.269411Z Info Writing event response PacketIn
2017-04-18 17:01:35.269448Z Info Writing event response PacketIn
2017-04-18 17:01:35.297301Z Info Writing event response SwitchDown
2017-04-18 17:01:35.297348Z Info Writing event response SwitchDown
2017-04-18 17:01:35.311473Z Info Writing event response PacketIn
2017-04-18 17:01:35.361174Z Info Writing event response PacketIn
2017-04-18 17:01:35.409694Z Info Writing event response PacketIn
2017-04-18 17:01:35.462340Z Info Writing event response PacketIn
2017-04-18 17:01:35.490465Z Info Writing event response SwitchDown
2017-04-18 17:01:35.508144Z Info Writing event response PacketIn
2017-04-18 17:01:35.508865Z Info Writing event response PacketIn
2017-04-18 17:01:35.508883Z Info Writing event response PacketIn
2017-04-18 17:01:35.568080Z Info Writing event response PacketIn
2017-04-18 17:01:35.801165Z Info Writing event response PacketIn
2017-04-18 17:01:35.813053Z Info Writing event response PacketIn
2017-04-18 17:01:38.557589Z Info Writing event response PacketIn
2017-04-18 17:01:38.621263Z Info Writing event response PacketIn
2017-04-18 17:01:38.902340Z Info Writing event response PacketIn
2017-04-18 17:01:39.254488Z Info Writing event response PacketIn
2017-04-18 17:01:39.277471Z Info Writing event response PacketIn
2017-04-18 17:01:39.301834Z Info Writing event response SwitchDown
2017-04-18 17:01:42.565325Z Info Writing event response PacketIn
2017-04-18 17:01:42.628929Z Info Writing event response PacketIn
2017-04-18 17:01:42.910015Z Info Writing event response PacketIn
2017-04-18 17:01:43.262011Z Info Writing event response PacketIn
2017-04-18 17:01:43.285138Z Info Writing event response PacketIn
2017-04-18 17:01:43.309103Z Info Writing event response SwitchDown
2017-04-18 17:01:57.717943Z Info Writing event response SwitchDown
2017-04-18 17:01:57.717976Z Info Writing event response PortDown
2017-04-18 17:01:57.988169Z Info Writing event response SwitchDown
2017-04-18 17:01:57.988208Z Info Writing event response PortDown
2017-04-18 17:01:57.988214Z Info Writing event response PortDown
2017-04-18 17:01:57.988221Z Info Writing event response PortDown
2017-04-18 17:01:57.988226Z Info Writing event response PortDown
2017-04-18 17:01:58.895242Z Debug Switch 0x1 disconnected
