2017-04-17 15:04:18.941587Z Info Setting log_level to Debug
2017-04-17 15:04:18.985789Z Error Upstream socket closed unexpectedly!
2017-04-17 15:04:23.261859Z Debug Switch 0x1 connected
2017-04-17 15:04:23.263873Z Info Writing event response SwitchDown
2017-04-17 15:04:24.164923Z Info Writing event response SwitchDown
2017-04-17 15:04:53.180921Z Info Writing event response SwitchDown
2017-04-17 15:04:53.180970Z Info Writing event response PortDown
2017-04-17 15:04:53.440100Z Info Writing event response SwitchDown
2017-04-17 15:04:53.440147Z Info Writing event response PortDown
2017-04-17 15:04:54.340844Z Debug Switch 0x1 disconnected
2017-04-17 15:18:43.853498Z Info Setting log_level to Debug
2017-04-17 15:18:43.959833Z Error Upstream socket closed unexpectedly!
2017-04-17 15:18:48.217631Z Debug Dropping unexpected msg received before SwitchFeatures response: PACKET_IN { in_port = 65534; payload = #256[dlSrc=6e:a1:be:89:d4:44,dlDst=33:33:00:00:00:16,frameType=0x86DD] }
2017-04-17 15:18:48.219217Z Debug Switch 0x1 connected
2017-04-17 15:18:49.119362Z Info Writing event response SwitchDown
2017-04-17 15:19:18.138129Z Info Writing event response SwitchDown
2017-04-17 15:19:18.138165Z Info Writing event response PortDown
2017-04-17 15:19:18.399465Z Info Writing event response SwitchDown
2017-04-17 15:19:18.399498Z Info Writing event response PortDown
2017-04-17 15:19:19.290461Z Debug Switch 0x1 disconnected
2017-04-17 15:26:11.734588Z Info Setting log_level to Debug
2017-04-17 15:26:11.750331Z Error Upstream socket closed unexpectedly!
2017-04-17 15:26:15.990994Z Debug Switch 0x1 connected
2017-04-17 15:26:15.993497Z Info Writing event response SwitchDown
2017-04-17 15:26:16.248458Z Info Writing event response PacketIn
2017-04-17 15:26:16.325068Z Info Writing event response PacketIn
2017-04-17 15:26:16.359407Z Info Writing event response PacketIn
2017-04-17 15:26:16.435265Z Info Writing event response PacketIn
2017-04-17 15:26:16.565038Z Info Writing event response SwitchDown
2017-04-17 15:26:16.595568Z Info Writing event response SwitchDown
2017-04-17 15:26:16.903582Z Info Writing event response SwitchDown
2017-04-17 15:26:17.249865Z Info Writing event response PacketIn
2017-04-17 15:26:17.249906Z Info Writing event response PacketIn
2017-04-17 15:26:17.360280Z Info Writing event response PacketIn
2017-04-17 15:26:17.360320Z Info Writing event response PacketIn
2017-04-17 15:26:17.564842Z Info Writing event response SwitchDown
2017-04-17 15:26:17.564884Z Info Writing event response SwitchDown
2017-04-17 15:26:17.848115Z Info Writing event response PacketIn
2017-04-17 15:26:17.851515Z Info Writing event response PacketIn
2017-04-17 15:26:17.892948Z Info Writing event response SwitchDown
2017-04-17 15:26:18.124914Z Info Writing event response PacketIn
2017-04-17 15:26:21.255373Z Info Writing event response PacketIn
2017-04-17 15:26:21.369018Z Info Writing event response PacketIn
2017-04-17 15:26:21.575406Z Info Writing event response SwitchDown
2017-04-17 15:26:25.264557Z Info Writing event response PacketIn
2017-04-17 15:26:25.375202Z Info Writing event response PacketIn
2017-04-17 15:26:25.583432Z Info Writing event response SwitchDown
2017-04-17 15:26:40.423699Z Info Writing event response SwitchDown
2017-04-17 15:26:40.424692Z Info Writing event response PortDown
2017-04-17 15:26:40.687093Z Info Writing event response SwitchDown
2017-04-17 15:26:40.687126Z Info Writing event response PortDown
2017-04-17 15:26:41.577385Z Debug Switch 0x1 disconnected
2017-04-17 15:32:18.181610Z Info Setting log_level to Debug
2017-04-17 15:32:18.275241Z Error Upstream socket closed unexpectedly!
2017-04-17 15:32:22.537588Z Debug Switch 0x1 connected
2017-04-17 15:32:22.539767Z Info Writing event response SwitchDown
2017-04-17 15:32:22.921131Z Info Writing event response PacketIn
2017-04-17 15:32:23.115508Z Info Writing event response PacketIn
2017-04-17 15:32:23.167981Z Info Writing event response PacketIn
2017-04-17 15:32:23.359408Z Info Writing event response PacketIn
2017-04-17 15:32:23.444218Z Info Writing event response SwitchDown
2017-04-17 15:32:23.483826Z Info Writing event response SwitchDown
2017-04-17 15:32:23.512238Z Info Writing event response SwitchDown
2017-04-17 15:32:24.116786Z Info Writing event response PacketIn
2017-04-17 15:32:24.116827Z Info Writing event response PacketIn
2017-04-17 15:32:24.131929Z Info Writing event response PacketIn
2017-04-17 15:32:24.168560Z Info Writing event response PacketIn
2017-04-17 15:32:24.168596Z Info Writing event response PacketIn
2017-04-17 15:32:24.368618Z Info Writing event response PacketIn
2017-04-17 15:32:24.385701Z Info Writing event response PacketIn
2017-04-17 15:32:24.483347Z Info Writing event response SwitchDown
2017-04-17 15:32:24.483382Z Info Writing event response SwitchDown
2017-04-17 15:32:25.439385Z Info Writing event response SwitchDown
2017-04-17 15:32:28.119401Z Info Writing event response PacketIn
2017-04-17 15:32:28.176643Z Info Writing event response PacketIn
2017-04-17 15:32:28.487383Z Info Writing event response SwitchDown
2017-04-17 15:32:32.128753Z Info Writing event response PacketIn
2017-04-17 15:32:32.183224Z Info Writing event response PacketIn
2017-04-17 15:32:32.496537Z Info Writing event response SwitchDown
2017-04-17 15:32:46.969640Z Info Writing event response SwitchDown
2017-04-17 15:32:46.970468Z Info Writing event response PortDown
2017-04-17 15:32:47.227878Z Info Writing event response SwitchDown
2017-04-17 15:32:47.227918Z Info Writing event response PortDown
2017-04-17 15:32:48.129073Z Debug Switch 0x1 disconnected
2017-04-18 17:23:20.085348Z Info Setting log_level to Debug
2017-04-18 17:23:20.101767Z Error Upstream socket closed unexpectedly!
2017-04-18 17:23:21.714559Z Debug Switch 0x1 connected
2017-04-18 17:23:21.714600Z Info Writing event response SwitchDown
2017-04-18 17:23:21.805694Z Info Writing event response PacketIn
2017-04-18 17:23:21.877005Z Info Writing event response PacketIn
2017-04-18 17:23:21.921886Z Info Writing event response PacketIn
2017-04-18 17:23:21.981110Z Info Writing event response PacketIn
2017-04-18 17:23:22.105232Z Info Writing event response SwitchDown
2017-04-18 17:23:22.264990Z Info Writing event response PacketIn
2017-04-18 17:23:22.297191Z Info Writing event response PacketIn
2017-04-18 17:23:22.322091Z Info Writing event response PacketIn
2017-04-18 17:23:22.478211Z Info Writing event response SwitchDown
2017-04-18 17:23:22.553175Z Info Writing event response PacketIn
2017-04-18 17:23:22.569177Z Info Writing event response PacketIn
2017-04-18 17:23:22.689180Z Info Writing event response PacketIn
2017-04-18 17:23:22.689218Z Info Writing event response PacketIn
2017-04-18 17:23:22.757719Z Info Writing event response SwitchDown
2017-04-18 17:23:22.757761Z Info Writing event response SwitchDown
2017-04-18 17:23:22.793708Z Info Writing event response SwitchDown
2017-04-18 17:23:22.806730Z Info Writing event response PacketIn
2017-04-18 17:23:22.806766Z Info Writing event response PacketIn
2017-04-18 17:23:22.877857Z Info Writing event response PacketIn
2017-04-18 17:23:22.877898Z Info Writing event response PacketIn
2017-04-18 17:23:23.197241Z Info Writing event response PacketIn
2017-04-18 17:23:23.297255Z Info Writing event response PacketIn
2017-04-18 17:23:23.297322Z Info Writing event response PacketIn
2017-04-18 17:23:23.314612Z Info Writing event response PacketIn
2017-04-18 17:23:23.361159Z Info Writing event response PacketIn
2017-04-18 17:23:23.368821Z Info Writing event response PacketIn
2017-04-18 17:23:23.416230Z Info Writing event response PacketIn
2017-04-18 17:23:23.462937Z Info Writing event response PacketIn
2017-04-18 17:23:23.510032Z Info Writing event response PacketIn
2017-04-18 17:23:23.515279Z Info Writing event response PacketIn
2017-04-18 17:23:23.568359Z Info Writing event response PacketIn
2017-04-18 17:23:23.570285Z Info Writing event response PacketIn
2017-04-18 17:23:23.570310Z Info Writing event response PacketIn
2017-04-18 17:23:23.614513Z Info Writing event response PacketIn
2017-04-18 17:23:23.661208Z Info Writing event response PacketIn
2017-04-18 17:23:23.681873Z Info Writing event response PacketIn
2017-04-18 17:23:23.713136Z Info Writing event response PacketIn
2017-04-18 17:23:24.105152Z Info Writing event response PacketIn
2017-04-18 17:23:24.305245Z Info Writing event response PacketIn
2017-04-18 17:23:26.693111Z Info Writing event response PacketIn
2017-04-18 17:23:26.766273Z Info Writing event response SwitchDown
2017-04-18 17:23:26.812968Z Info Writing event response PacketIn
2017-04-18 17:23:26.886455Z Info Writing event response PacketIn
2017-04-18 17:23:27.305347Z Info Writing event response PacketIn
2017-04-18 17:23:27.573537Z Info Writing event response PacketIn
2017-04-18 17:23:30.701126Z Info Writing event response PacketIn
2017-04-18 17:23:30.773226Z Info Writing event response SwitchDown
2017-04-18 17:23:30.821491Z Info Writing event response PacketIn
2017-04-18 17:23:30.893169Z Info Writing event response PacketIn
2017-04-18 17:23:31.310972Z Info Writing event response PacketIn
2017-04-18 17:23:31.582328Z Info Writing event response PacketIn
2017-04-18 17:23:45.895393Z Info Writing event response SwitchDown
2017-04-18 17:23:45.895430Z Info Writing event response PortDown
2017-04-18 17:23:46.167904Z Info Writing event response SwitchDown
2017-04-18 17:23:46.167937Z Info Writing event response PortDown
2017-04-18 17:23:46.167942Z Info Writing event response PortDown
2017-04-18 17:23:46.167949Z Info Writing event response PortDown
2017-04-18 17:23:46.167953Z Info Writing event response PortDown
2017-04-18 17:23:47.057476Z Debug Switch 0x1 disconnected
